[0.591s] Invoking command in '/home/takuya/ros2_ws/src/mypkg': PS1=\[\e]0;\u@\h: \w\a\]${debian_chroot:+($debian_chroot)}\[\033[01;32m\]\u@\h\[\033[00m\]:\[\033[01;34m\]\w\[\033[00m\]\$ PYTHONPATH=/home/takuya/ros2_ws/install/mypkg/lib/python3.8/site-packages:${PYTHONPATH} /usr/bin/python3 setup.py egg_info --egg-base ../../build/mypkg build --build-base /home/takuya/ros2_ws/build/mypkg/build install --prefix /home/takuya/ros2_ws/install/mypkg --record /home/takuya/ros2_ws/build/mypkg/install.log --single-version-externally-managed
[0.757s] running egg_info
[0.758s] writing ../../build/mypkg/mypkg.egg-info/PKG-INFO
[0.758s] writing dependency_links to ../../build/mypkg/mypkg.egg-info/dependency_links.txt
[0.759s] writing entry points to ../../build/mypkg/mypkg.egg-info/entry_points.txt
[0.759s] writing requirements to ../../build/mypkg/mypkg.egg-info/requires.txt
[0.759s] writing top-level names to ../../build/mypkg/mypkg.egg-info/top_level.txt
[0.789s] reading manifest file '../../build/mypkg/mypkg.egg-info/SOURCES.txt'
[0.790s] writing manifest file '../../build/mypkg/mypkg.egg-info/SOURCES.txt'
[0.790s] running build
[0.790s] running build_py
[0.791s] running install
[0.791s] running install_lib
[0.792s] byte-compiling /home/takuya/ros2_ws/install/mypkg/lib/python3.8/site-packages/mypkg/listener.py to listener.cpython-38.pyc
[0.793s] Sorry: IndentationError: unexpected indent (listener.py, line 10)
[0.794s] running install_data
[0.794s] running install_egg_info
[0.795s] removing '/home/takuya/ros2_ws/install/mypkg/lib/python3.8/site-packages/mypkg-0.0.0-py3.8.egg-info' (and everything under it)
[0.796s] Copying ../../build/mypkg/mypkg.egg-info to /home/takuya/ros2_ws/install/mypkg/lib/python3.8/site-packages/mypkg-0.0.0-py3.8.egg-info
[0.796s] running install_scripts
[0.812s] Installing talker script to /home/takuya/ros2_ws/install/mypkg/lib/mypkg
[0.813s] writing list of installed files to '/home/takuya/ros2_ws/build/mypkg/install.log'
[0.840s] Invoked command in '/home/takuya/ros2_ws/src/mypkg' returned '0': PS1=\[\e]0;\u@\h: \w\a\]${debian_chroot:+($debian_chroot)}\[\033[01;32m\]\u@\h\[\033[00m\]:\[\033[01;34m\]\w\[\033[00m\]\$ PYTHONPATH=/home/takuya/ros2_ws/install/mypkg/lib/python3.8/site-packages:${PYTHONPATH} /usr/bin/python3 setup.py egg_info --egg-base ../../build/mypkg build --build-base /home/takuya/ros2_ws/build/mypkg/build install --prefix /home/takuya/ros2_ws/install/mypkg --record /home/takuya/ros2_ws/build/mypkg/install.log --single-version-externally-managed
