[0.612s] Invoking command in '/home/takuya/ros2_ws/src/mypkg': PS1=\[\e]0;\u@\h: \w\a\]${debian_chroot:+($debian_chroot)}\[\033[01;32m\]\u@\h\[\033[00m\]:\[\033[01;34m\]\w\[\033[00m\]\$ PYTHONPATH=/home/takuya/ros2_ws/install/mypkg/lib/python3.8/site-packages:${PYTHONPATH} /usr/bin/python3 setup.py egg_info --egg-base ../../build/mypkg build --build-base /home/takuya/ros2_ws/build/mypkg/build install --prefix /home/takuya/ros2_ws/install/mypkg --record /home/takuya/ros2_ws/build/mypkg/install.log --single-version-externally-managed
[0.841s] running egg_info
[0.841s] writing ../../build/mypkg/mypkg.egg-info/PKG-INFO
[0.841s] writing dependency_links to ../../build/mypkg/mypkg.egg-info/dependency_links.txt
[0.842s] writing entry points to ../../build/mypkg/mypkg.egg-info/entry_points.txt
[0.842s] writing requirements to ../../build/mypkg/mypkg.egg-info/requires.txt
[0.842s] writing top-level names to ../../build/mypkg/mypkg.egg-info/top_level.txt
[0.871s] reading manifest file '../../build/mypkg/mypkg.egg-info/SOURCES.txt'
[0.872s] writing manifest file '../../build/mypkg/mypkg.egg-info/SOURCES.txt'
[0.872s] running build
[0.872s] running build_py
[0.873s] running install
[0.873s] running install_lib
[0.874s] running install_data
[0.875s] running install_egg_info
[0.876s] removing '/home/takuya/ros2_ws/install/mypkg/lib/python3.8/site-packages/mypkg-0.0.0-py3.8.egg-info' (and everything under it)
[0.877s] Copying ../../build/mypkg/mypkg.egg-info to /home/takuya/ros2_ws/install/mypkg/lib/python3.8/site-packages/mypkg-0.0.0-py3.8.egg-info
[0.877s] running install_scripts
[0.892s] Installing talker script to /home/takuya/ros2_ws/install/mypkg/lib/mypkg
[0.893s] writing list of installed files to '/home/takuya/ros2_ws/build/mypkg/install.log'
[0.913s] Invoked command in '/home/takuya/ros2_ws/src/mypkg' returned '0': PS1=\[\e]0;\u@\h: \w\a\]${debian_chroot:+($debian_chroot)}\[\033[01;32m\]\u@\h\[\033[00m\]:\[\033[01;34m\]\w\[\033[00m\]\$ PYTHONPATH=/home/takuya/ros2_ws/install/mypkg/lib/python3.8/site-packages:${PYTHONPATH} /usr/bin/python3 setup.py egg_info --egg-base ../../build/mypkg build --build-base /home/takuya/ros2_ws/build/mypkg/build install --prefix /home/takuya/ros2_ws/install/mypkg --record /home/takuya/ros2_ws/build/mypkg/install.log --single-version-externally-managed
