[0.763s] Invoking command in '/home/takuya/ros2_ws/src/mypkg': PYTHONPATH=/home/takuya/ros2_ws/install/mypkg/lib/python3.8/site-packages:${PYTHONPATH} /usr/bin/python3 setup.py egg_info --egg-base ../../build/mypkg build --build-base /home/takuya/ros2_ws/build/mypkg/build install --prefix /home/takuya/ros2_ws/install/mypkg --record /home/takuya/ros2_ws/build/mypkg/install.log --single-version-externally-managed
[1.008s] running egg_info
[1.009s] creating ../../build/mypkg/mypkg.egg-info
[1.009s] writing ../../build/mypkg/mypkg.egg-info/PKG-INFO
[1.009s] writing dependency_links to ../../build/mypkg/mypkg.egg-info/dependency_links.txt
[1.009s] writing entry points to ../../build/mypkg/mypkg.egg-info/entry_points.txt
[1.010s] writing requirements to ../../build/mypkg/mypkg.egg-info/requires.txt
[1.010s] writing top-level names to ../../build/mypkg/mypkg.egg-info/top_level.txt
[1.015s] writing manifest file '../../build/mypkg/mypkg.egg-info/SOURCES.txt'
[1.055s] reading manifest file '../../build/mypkg/mypkg.egg-info/SOURCES.txt'
[1.055s] writing manifest file '../../build/mypkg/mypkg.egg-info/SOURCES.txt'
[1.055s] running build
[1.055s] running build_py
[1.056s] creating /home/takuya/ros2_ws/build/mypkg/build
[1.056s] creating /home/takuya/ros2_ws/build/mypkg/build/lib
[1.056s] creating /home/takuya/ros2_ws/build/mypkg/build/lib/mypkg
[1.056s] copying mypkg/__init__.py -> /home/takuya/ros2_ws/build/mypkg/build/lib/mypkg
[1.057s] running install
[1.057s] running install_lib
[1.058s] creating /home/takuya/ros2_ws/install/mypkg/lib/python3.8/site-packages/mypkg
[1.058s] copying /home/takuya/ros2_ws/build/mypkg/build/lib/mypkg/__init__.py -> /home/takuya/ros2_ws/install/mypkg/lib/python3.8/site-packages/mypkg
[1.058s] byte-compiling /home/takuya/ros2_ws/install/mypkg/lib/python3.8/site-packages/mypkg/__init__.py to __init__.cpython-38.pyc
[1.059s] running install_data
[1.060s] creating /home/takuya/ros2_ws/install/mypkg/share/ament_index
[1.060s] creating /home/takuya/ros2_ws/install/mypkg/share/ament_index/resource_index
[1.060s] creating /home/takuya/ros2_ws/install/mypkg/share/ament_index/resource_index/packages
[1.060s] copying resource/mypkg -> /home/takuya/ros2_ws/install/mypkg/share/ament_index/resource_index/packages
[1.061s] copying package.xml -> /home/takuya/ros2_ws/install/mypkg/share/mypkg
[1.061s] running install_egg_info
[1.062s] Copying ../../build/mypkg/mypkg.egg-info to /home/takuya/ros2_ws/install/mypkg/lib/python3.8/site-packages/mypkg-0.0.0-py3.8.egg-info
[1.062s] running install_scripts
[1.079s] writing list of installed files to '/home/takuya/ros2_ws/build/mypkg/install.log'
[1.100s] Invoked command in '/home/takuya/ros2_ws/src/mypkg' returned '0': PYTHONPATH=/home/takuya/ros2_ws/install/mypkg/lib/python3.8/site-packages:${PYTHONPATH} /usr/bin/python3 setup.py egg_info --egg-base ../../build/mypkg build --build-base /home/takuya/ros2_ws/build/mypkg/build install --prefix /home/takuya/ros2_ws/install/mypkg --record /home/takuya/ros2_ws/build/mypkg/install.log --single-version-externally-managed
