[0.393s] Invoking command in '/home/takuya/ros2_ws/src/mypkg': PYTHONPATH=/home/takuya/ros2_ws/install/mypkg/lib/python3.8/site-packages:${PYTHONPATH} /usr/bin/python3 setup.py egg_info --egg-base ../../build/mypkg build --build-base /home/takuya/ros2_ws/build/mypkg/build install --prefix /home/takuya/ros2_ws/install/mypkg --record /home/takuya/ros2_ws/build/mypkg/install.log --single-version-externally-managed
[0.530s] running egg_info
[0.530s] writing ../../build/mypkg/mypkg.egg-info/PKG-INFO
[0.530s] writing dependency_links to ../../build/mypkg/mypkg.egg-info/dependency_links.txt
[0.531s] writing entry points to ../../build/mypkg/mypkg.egg-info/entry_points.txt
[0.531s] writing requirements to ../../build/mypkg/mypkg.egg-info/requires.txt
[0.531s] writing top-level names to ../../build/mypkg/mypkg.egg-info/top_level.txt
[0.554s] reading manifest file '../../build/mypkg/mypkg.egg-info/SOURCES.txt'
[0.554s] writing manifest file '../../build/mypkg/mypkg.egg-info/SOURCES.txt'
[0.555s] running build
[0.555s] running build_py
[0.555s] copying mypkg/listner.py -> /home/takuya/ros2_ws/build/mypkg/build/lib/mypkg
[0.555s] running install
[0.555s] running install_lib
[0.556s] copying /home/takuya/ros2_ws/build/mypkg/build/lib/mypkg/listner.py -> /home/takuya/ros2_ws/install/mypkg/lib/python3.8/site-packages/mypkg
[0.557s] byte-compiling /home/takuya/ros2_ws/install/mypkg/lib/python3.8/site-packages/mypkg/listner.py to listner.cpython-38.pyc
[0.557s]   File "/home/takuya/ros2_ws/install/mypkg/lib/python3.8/site-packages/mypkg/listner.py", line 7
[0.557s]     node.get_logger().info("Listen: %d % msg.data)
[0.558s]                                                  ^
[0.558s] SyntaxError: EOL while scanning string literal
[0.558s] 
[0.558s] running install_data
[0.558s] copying package.xml -> /home/takuya/ros2_ws/install/mypkg/share/mypkg
[0.558s] running install_egg_info
[0.559s] removing '/home/takuya/ros2_ws/install/mypkg/lib/python3.8/site-packages/mypkg-0.0.0-py3.8.egg-info' (and everything under it)
[0.559s] Copying ../../build/mypkg/mypkg.egg-info to /home/takuya/ros2_ws/install/mypkg/lib/python3.8/site-packages/mypkg-0.0.0-py3.8.egg-info
[0.560s] running install_scripts
[0.571s] Installing talker script to /home/takuya/ros2_ws/install/mypkg/lib/mypkg
[0.572s] writing list of installed files to '/home/takuya/ros2_ws/build/mypkg/install.log'
[0.585s] Invoked command in '/home/takuya/ros2_ws/src/mypkg' returned '0': PYTHONPATH=/home/takuya/ros2_ws/install/mypkg/lib/python3.8/site-packages:${PYTHONPATH} /usr/bin/python3 setup.py egg_info --egg-base ../../build/mypkg build --build-base /home/takuya/ros2_ws/build/mypkg/build install --prefix /home/takuya/ros2_ws/install/mypkg --record /home/takuya/ros2_ws/build/mypkg/install.log --single-version-externally-managed
