[0.755s] Invoking command in '/home/takuya/ros2_ws/src/mypkg': PYTHONPATH=/home/takuya/ros2_ws/install/mypkg/lib/python3.8/site-packages:${PYTHONPATH} /usr/bin/python3 setup.py egg_info --egg-base ../../build/mypkg build --build-base /home/takuya/ros2_ws/build/mypkg/build install --prefix /home/takuya/ros2_ws/install/mypkg --record /home/takuya/ros2_ws/build/mypkg/install.log --single-version-externally-managed
[1.067s] running egg_info
[1.068s] writing ../../build/mypkg/mypkg.egg-info/PKG-INFO
[1.069s] writing dependency_links to ../../build/mypkg/mypkg.egg-info/dependency_links.txt
[1.070s] writing entry points to ../../build/mypkg/mypkg.egg-info/entry_points.txt
[1.070s] writing requirements to ../../build/mypkg/mypkg.egg-info/requires.txt
[1.070s] writing top-level names to ../../build/mypkg/mypkg.egg-info/top_level.txt
[1.119s] reading manifest file '../../build/mypkg/mypkg.egg-info/SOURCES.txt'
[1.121s] writing manifest file '../../build/mypkg/mypkg.egg-info/SOURCES.txt'
[1.121s] running build
[1.121s] running build_py
[1.121s] running install
[1.123s] running install_lib
[1.125s] copying /home/takuya/ros2_ws/build/mypkg/build/lib/mypkg/listner.py -> /home/takuya/ros2_ws/install/mypkg/lib/python3.8/site-packages/mypkg
[1.126s] byte-compiling /home/takuya/ros2_ws/install/mypkg/lib/python3.8/site-packages/mypkg/listner.py to listner.cpython-38.pyc
[1.128s]   File "/home/takuya/ros2_ws/install/mypkg/lib/python3.8/site-packages/mypkg/listner.py", line 7
[1.129s]     node.get_logger().info("Listen: %d % msg.data)
[1.129s]                                                  ^
[1.129s] SyntaxError: EOL while scanning string literal
[1.129s] 
[1.130s] running install_data
[1.130s] running install_egg_info
[1.132s] removing '/home/takuya/ros2_ws/install/mypkg/lib/python3.8/site-packages/mypkg-0.0.0-py3.8.egg-info' (and everything under it)
[1.133s] Copying ../../build/mypkg/mypkg.egg-info to /home/takuya/ros2_ws/install/mypkg/lib/python3.8/site-packages/mypkg-0.0.0-py3.8.egg-info
[1.134s] running install_scripts
[1.153s] Installing talker script to /home/takuya/ros2_ws/install/mypkg/lib/mypkg
[1.154s] writing list of installed files to '/home/takuya/ros2_ws/build/mypkg/install.log'
[1.175s] Invoked command in '/home/takuya/ros2_ws/src/mypkg' returned '0': PYTHONPATH=/home/takuya/ros2_ws/install/mypkg/lib/python3.8/site-packages:${PYTHONPATH} /usr/bin/python3 setup.py egg_info --egg-base ../../build/mypkg build --build-base /home/takuya/ros2_ws/build/mypkg/build install --prefix /home/takuya/ros2_ws/install/mypkg --record /home/takuya/ros2_ws/build/mypkg/install.log --single-version-externally-managed
