[0.624s] Invoking command in '/home/takuya/ros2_ws/src/mypkg': PYTHONPATH=/home/takuya/ros2_ws/install/mypkg/lib/python3.8/site-packages:${PYTHONPATH} /usr/bin/python3 setup.py egg_info --egg-base ../../build/mypkg build --build-base /home/takuya/ros2_ws/build/mypkg/build install --prefix /home/takuya/ros2_ws/install/mypkg --record /home/takuya/ros2_ws/build/mypkg/install.log --single-version-externally-managed
[0.818s] running egg_info
[0.819s] writing ../../build/mypkg/mypkg.egg-info/PKG-INFO
[0.819s] writing dependency_links to ../../build/mypkg/mypkg.egg-info/dependency_links.txt
[0.820s] writing entry points to ../../build/mypkg/mypkg.egg-info/entry_points.txt
[0.820s] writing requirements to ../../build/mypkg/mypkg.egg-info/requires.txt
[0.820s] writing top-level names to ../../build/mypkg/mypkg.egg-info/top_level.txt
[0.877s] reading manifest file '../../build/mypkg/mypkg.egg-info/SOURCES.txt'
[0.878s] writing manifest file '../../build/mypkg/mypkg.egg-info/SOURCES.txt'
[0.879s] running build
[0.879s] running build_py
[0.879s] running install
[0.880s] running install_lib
[0.882s] byte-compiling /home/takuya/ros2_ws/install/mypkg/lib/python3.8/site-packages/mypkg/listner.py to listner.cpython-38.pyc
[0.884s]   File "/home/takuya/ros2_ws/install/mypkg/lib/python3.8/site-packages/mypkg/listner.py", line 7
[0.885s]     node.get_logger().info("Listen: %d % msg.data)
[0.885s]                                                  ^
[0.885s] SyntaxError: EOL while scanning string literal
[0.885s] 
[0.885s] running install_data
[0.885s] running install_egg_info
[0.887s] removing '/home/takuya/ros2_ws/install/mypkg/lib/python3.8/site-packages/mypkg-0.0.0-py3.8.egg-info' (and everything under it)
[0.888s] Copying ../../build/mypkg/mypkg.egg-info to /home/takuya/ros2_ws/install/mypkg/lib/python3.8/site-packages/mypkg-0.0.0-py3.8.egg-info
[0.889s] running install_scripts
[0.912s] Installing talker script to /home/takuya/ros2_ws/install/mypkg/lib/mypkg
[0.912s] writing list of installed files to '/home/takuya/ros2_ws/build/mypkg/install.log'
[0.945s] Invoked command in '/home/takuya/ros2_ws/src/mypkg' returned '0': PYTHONPATH=/home/takuya/ros2_ws/install/mypkg/lib/python3.8/site-packages:${PYTHONPATH} /usr/bin/python3 setup.py egg_info --egg-base ../../build/mypkg build --build-base /home/takuya/ros2_ws/build/mypkg/build install --prefix /home/takuya/ros2_ws/install/mypkg --record /home/takuya/ros2_ws/build/mypkg/install.log --single-version-externally-managed
