[0.577s] Invoking command in '/home/takuya/ros2_ws/src/mypkg': PS1=\[\033[01;32m\]\u@\h\[\033[01;34m\] \w\[\033[01;31m\]$(__git_ps1 "[%s]")\[\033[00m\]\$\[\033[00m\] PYTHONPATH=/home/takuya/ros2_ws/install/mypkg/lib/python3.8/site-packages:${PYTHONPATH} /usr/bin/python3 setup.py egg_info --egg-base ../../build/mypkg build --build-base /home/takuya/ros2_ws/build/mypkg/build install --prefix /home/takuya/ros2_ws/install/mypkg --record /home/takuya/ros2_ws/build/mypkg/install.log --single-version-externally-managed
[0.777s] running egg_info
[0.778s] writing ../../build/mypkg/mypkg.egg-info/PKG-INFO
[0.778s] writing dependency_links to ../../build/mypkg/mypkg.egg-info/dependency_links.txt
[0.779s] writing entry points to ../../build/mypkg/mypkg.egg-info/entry_points.txt
[0.779s] writing requirements to ../../build/mypkg/mypkg.egg-info/requires.txt
[0.780s] writing top-level names to ../../build/mypkg/mypkg.egg-info/top_level.txt
[0.837s] reading manifest file '../../build/mypkg/mypkg.egg-info/SOURCES.txt'
[0.838s] writing manifest file '../../build/mypkg/mypkg.egg-info/SOURCES.txt'
[0.839s] running build
[0.839s] running build_py
[0.839s] running install
[0.840s] running install_lib
[0.842s] byte-compiling /home/takuya/ros2_ws/install/mypkg/lib/python3.8/site-packages/mypkg/listener.py to listener.cpython-38.pyc
[0.844s] Sorry: IndentationError: unexpected indent (listener.py, line 10)
[0.844s] running install_data
[0.845s] running install_egg_info
[0.847s] removing '/home/takuya/ros2_ws/install/mypkg/lib/python3.8/site-packages/mypkg-0.0.0-py3.8.egg-info' (and everything under it)
[0.848s] Copying ../../build/mypkg/mypkg.egg-info to /home/takuya/ros2_ws/install/mypkg/lib/python3.8/site-packages/mypkg-0.0.0-py3.8.egg-info
[0.849s] running install_scripts
[0.870s] Installing talker script to /home/takuya/ros2_ws/install/mypkg/lib/mypkg
[0.871s] writing list of installed files to '/home/takuya/ros2_ws/build/mypkg/install.log'
[0.895s] Invoked command in '/home/takuya/ros2_ws/src/mypkg' returned '0': PS1=\[\033[01;32m\]\u@\h\[\033[01;34m\] \w\[\033[01;31m\]$(__git_ps1 "[%s]")\[\033[00m\]\$\[\033[00m\] PYTHONPATH=/home/takuya/ros2_ws/install/mypkg/lib/python3.8/site-packages:${PYTHONPATH} /usr/bin/python3 setup.py egg_info --egg-base ../../build/mypkg build --build-base /home/takuya/ros2_ws/build/mypkg/build install --prefix /home/takuya/ros2_ws/install/mypkg --record /home/takuya/ros2_ws/build/mypkg/install.log --single-version-externally-managed
