[0.688s] Invoking command in '/home/takuya/ros2_ws/src/mypkg': PYTHONPATH=/home/takuya/ros2_ws/install/mypkg/lib/python3.8/site-packages:${PYTHONPATH} /usr/bin/python3 setup.py egg_info --egg-base ../../build/mypkg build --build-base /home/takuya/ros2_ws/build/mypkg/build install --prefix /home/takuya/ros2_ws/install/mypkg --record /home/takuya/ros2_ws/build/mypkg/install.log --single-version-externally-managed
[0.977s] running egg_info
[0.978s] writing ../../build/mypkg/mypkg.egg-info/PKG-INFO
[0.978s] writing dependency_links to ../../build/mypkg/mypkg.egg-info/dependency_links.txt
[0.978s] writing entry points to ../../build/mypkg/mypkg.egg-info/entry_points.txt
[0.978s] writing requirements to ../../build/mypkg/mypkg.egg-info/requires.txt
[0.978s] writing top-level names to ../../build/mypkg/mypkg.egg-info/top_level.txt
[1.016s] reading manifest file '../../build/mypkg/mypkg.egg-info/SOURCES.txt'
[1.018s] writing manifest file '../../build/mypkg/mypkg.egg-info/SOURCES.txt'
[1.018s] running build
[1.018s] running build_py
[1.018s] copying mypkg/talker.py -> /home/takuya/ros2_ws/build/mypkg/build/lib/mypkg
[1.019s] running install
[1.020s] running install_lib
[1.022s] copying /home/takuya/ros2_ws/build/mypkg/build/lib/mypkg/talker.py -> /home/takuya/ros2_ws/install/mypkg/lib/python3.8/site-packages/mypkg
[1.022s] byte-compiling /home/takuya/ros2_ws/install/mypkg/lib/python3.8/site-packages/mypkg/talker.py to talker.cpython-38.pyc
[1.025s] running install_data
[1.025s] copying package.xml -> /home/takuya/ros2_ws/install/mypkg/share/mypkg
[1.026s] running install_egg_info
[1.029s] removing '/home/takuya/ros2_ws/install/mypkg/lib/python3.8/site-packages/mypkg-0.0.0-py3.8.egg-info' (and everything under it)
[1.030s] Copying ../../build/mypkg/mypkg.egg-info to /home/takuya/ros2_ws/install/mypkg/lib/python3.8/site-packages/mypkg-0.0.0-py3.8.egg-info
[1.031s] running install_scripts
[1.063s] Installing talker script to /home/takuya/ros2_ws/install/mypkg/lib/mypkg
[1.064s] writing list of installed files to '/home/takuya/ros2_ws/build/mypkg/install.log'
[1.097s] Invoked command in '/home/takuya/ros2_ws/src/mypkg' returned '0': PYTHONPATH=/home/takuya/ros2_ws/install/mypkg/lib/python3.8/site-packages:${PYTHONPATH} /usr/bin/python3 setup.py egg_info --egg-base ../../build/mypkg build --build-base /home/takuya/ros2_ws/build/mypkg/build install --prefix /home/takuya/ros2_ws/install/mypkg --record /home/takuya/ros2_ws/build/mypkg/install.log --single-version-externally-managed
