[0.671s] Invoking command in '/home/takuya/ros2_ws/src/mypkg': PYTHONPATH=/home/takuya/ros2_ws/install/mypkg/lib/python3.8/site-packages:${PYTHONPATH} /usr/bin/python3 setup.py egg_info --egg-base ../../build/mypkg build --build-base /home/takuya/ros2_ws/build/mypkg/build install --prefix /home/takuya/ros2_ws/install/mypkg --record /home/takuya/ros2_ws/build/mypkg/install.log --single-version-externally-managed
[0.900s] running egg_info
[0.901s] writing ../../build/mypkg/mypkg.egg-info/PKG-INFO
[0.901s] writing dependency_links to ../../build/mypkg/mypkg.egg-info/dependency_links.txt
[0.901s] writing entry points to ../../build/mypkg/mypkg.egg-info/entry_points.txt
[0.901s] writing requirements to ../../build/mypkg/mypkg.egg-info/requires.txt
[0.902s] writing top-level names to ../../build/mypkg/mypkg.egg-info/top_level.txt
[0.931s] reading manifest file '../../build/mypkg/mypkg.egg-info/SOURCES.txt'
[0.931s] writing manifest file '../../build/mypkg/mypkg.egg-info/SOURCES.txt'
[0.932s] running build
[0.932s] running build_py
[0.932s] copying mypkg/listner.py -> /home/takuya/ros2_ws/build/mypkg/build/lib/mypkg
[0.932s] running install
[0.933s] running install_lib
[0.934s] copying /home/takuya/ros2_ws/build/mypkg/build/lib/mypkg/listner.py -> /home/takuya/ros2_ws/install/mypkg/lib/python3.8/site-packages/mypkg
[0.934s] byte-compiling /home/takuya/ros2_ws/install/mypkg/lib/python3.8/site-packages/mypkg/listner.py to listner.cpython-38.pyc
[0.935s] running install_data
[0.936s] running install_egg_info
[0.937s] removing '/home/takuya/ros2_ws/install/mypkg/lib/python3.8/site-packages/mypkg-0.0.0-py3.8.egg-info' (and everything under it)
[0.937s] Copying ../../build/mypkg/mypkg.egg-info to /home/takuya/ros2_ws/install/mypkg/lib/python3.8/site-packages/mypkg-0.0.0-py3.8.egg-info
[0.938s] running install_scripts
[0.954s] Installing talker script to /home/takuya/ros2_ws/install/mypkg/lib/mypkg
[0.954s] writing list of installed files to '/home/takuya/ros2_ws/build/mypkg/install.log'
[0.976s] Invoked command in '/home/takuya/ros2_ws/src/mypkg' returned '0': PYTHONPATH=/home/takuya/ros2_ws/install/mypkg/lib/python3.8/site-packages:${PYTHONPATH} /usr/bin/python3 setup.py egg_info --egg-base ../../build/mypkg build --build-base /home/takuya/ros2_ws/build/mypkg/build install --prefix /home/takuya/ros2_ws/install/mypkg --record /home/takuya/ros2_ws/build/mypkg/install.log --single-version-externally-managed
