[0.368s] Invoking command in '/home/takuya/ros2_ws/src/mypkg': PYTHONPATH=/home/takuya/ros2_ws/install/mypkg/lib/python3.8/site-packages:${PYTHONPATH} /usr/bin/python3 setup.py egg_info --egg-base ../../build/mypkg build --build-base /home/takuya/ros2_ws/build/mypkg/build install --prefix /home/takuya/ros2_ws/install/mypkg --record /home/takuya/ros2_ws/build/mypkg/install.log --single-version-externally-managed
[0.480s] running egg_info
[0.480s] writing ../../build/mypkg/mypkg.egg-info/PKG-INFO
[0.480s] writing dependency_links to ../../build/mypkg/mypkg.egg-info/dependency_links.txt
[0.481s] writing entry points to ../../build/mypkg/mypkg.egg-info/entry_points.txt
[0.481s] writing requirements to ../../build/mypkg/mypkg.egg-info/requires.txt
[0.481s] writing top-level names to ../../build/mypkg/mypkg.egg-info/top_level.txt
[0.501s] reading manifest file '../../build/mypkg/mypkg.egg-info/SOURCES.txt'
[0.502s] writing manifest file '../../build/mypkg/mypkg.egg-info/SOURCES.txt'
[0.502s] running build
[0.502s] running build_py
[0.502s] running install
[0.503s] running install_lib
[0.503s] copying /home/takuya/ros2_ws/build/mypkg/build/lib/mypkg/listner.py -> /home/takuya/ros2_ws/install/mypkg/lib/python3.8/site-packages/mypkg
[0.504s] byte-compiling /home/takuya/ros2_ws/install/mypkg/lib/python3.8/site-packages/mypkg/listner.py to listner.cpython-38.pyc
[0.504s]   File "/home/takuya/ros2_ws/install/mypkg/lib/python3.8/site-packages/mypkg/listner.py", line 7
[0.504s]     node.get_logger().info("Listen: %d % msg.data)
[0.505s]                                                  ^
[0.505s] SyntaxError: EOL while scanning string literal
[0.505s] 
[0.505s] running install_data
[0.505s] running install_egg_info
[0.506s] removing '/home/takuya/ros2_ws/install/mypkg/lib/python3.8/site-packages/mypkg-0.0.0-py3.8.egg-info' (and everything under it)
[0.506s] Copying ../../build/mypkg/mypkg.egg-info to /home/takuya/ros2_ws/install/mypkg/lib/python3.8/site-packages/mypkg-0.0.0-py3.8.egg-info
[0.506s] running install_scripts
[0.516s] Installing talker script to /home/takuya/ros2_ws/install/mypkg/lib/mypkg
[0.517s] writing list of installed files to '/home/takuya/ros2_ws/build/mypkg/install.log'
[0.531s] Invoked command in '/home/takuya/ros2_ws/src/mypkg' returned '0': PYTHONPATH=/home/takuya/ros2_ws/install/mypkg/lib/python3.8/site-packages:${PYTHONPATH} /usr/bin/python3 setup.py egg_info --egg-base ../../build/mypkg build --build-base /home/takuya/ros2_ws/build/mypkg/build install --prefix /home/takuya/ros2_ws/install/mypkg --record /home/takuya/ros2_ws/build/mypkg/install.log --single-version-externally-managed
