[1.110s] Invoking command in '/home/takuya/ros2_ws/src/mypkg': PS1=\[\033[01;32m\]\u@\h\[\033[01;34m\] \w\[\033[01;31m\]$(__git_ps1 "[%s]")\[\033[00m\]\$\[\033[00m\] PYTHONPATH=/home/takuya/ros2_ws/install/mypkg/lib/python3.8/site-packages:${PYTHONPATH} /usr/bin/python3 setup.py egg_info --egg-base ../../build/mypkg build --build-base /home/takuya/ros2_ws/build/mypkg/build install --prefix /home/takuya/ros2_ws/install/mypkg --record /home/takuya/ros2_ws/build/mypkg/install.log --single-version-externally-managed
[1.286s] running egg_info
[1.286s] writing ../../build/mypkg/mypkg.egg-info/PKG-INFO
[1.288s] writing dependency_links to ../../build/mypkg/mypkg.egg-info/dependency_links.txt
[1.288s] writing entry points to ../../build/mypkg/mypkg.egg-info/entry_points.txt
[1.288s] writing requirements to ../../build/mypkg/mypkg.egg-info/requires.txt
[1.289s] writing top-level names to ../../build/mypkg/mypkg.egg-info/top_level.txt
[1.330s] reading manifest file '../../build/mypkg/mypkg.egg-info/SOURCES.txt'
[1.332s] writing manifest file '../../build/mypkg/mypkg.egg-info/SOURCES.txt'
[1.333s] running build
[1.333s] running build_py
[1.334s] copying mypkg/talker.py -> /home/takuya/ros2_ws/build/mypkg/build/lib/mypkg
[1.334s] running install
[1.335s] running install_lib
[1.336s] copying /home/takuya/ros2_ws/build/mypkg/build/lib/mypkg/talker.py -> /home/takuya/ros2_ws/install/mypkg/lib/python3.8/site-packages/mypkg
[1.337s] byte-compiling /home/takuya/ros2_ws/install/mypkg/lib/python3.8/site-packages/mypkg/talker.py to talker.cpython-38.pyc
[1.339s] running install_data
[1.342s] copying package.xml -> /home/takuya/ros2_ws/install/mypkg/share/mypkg
[1.343s] running install_egg_info
[1.345s] removing '/home/takuya/ros2_ws/install/mypkg/lib/python3.8/site-packages/mypkg-0.0.0-py3.8.egg-info' (and everything under it)
[1.345s] Copying ../../build/mypkg/mypkg.egg-info to /home/takuya/ros2_ws/install/mypkg/lib/python3.8/site-packages/mypkg-0.0.0-py3.8.egg-info
[1.346s] running install_scripts
[1.364s] Installing talker script to /home/takuya/ros2_ws/install/mypkg/lib/mypkg
[1.365s] writing list of installed files to '/home/takuya/ros2_ws/build/mypkg/install.log'
[1.389s] Invoked command in '/home/takuya/ros2_ws/src/mypkg' returned '0': PS1=\[\033[01;32m\]\u@\h\[\033[01;34m\] \w\[\033[01;31m\]$(__git_ps1 "[%s]")\[\033[00m\]\$\[\033[00m\] PYTHONPATH=/home/takuya/ros2_ws/install/mypkg/lib/python3.8/site-packages:${PYTHONPATH} /usr/bin/python3 setup.py egg_info --egg-base ../../build/mypkg build --build-base /home/takuya/ros2_ws/build/mypkg/build install --prefix /home/takuya/ros2_ws/install/mypkg --record /home/takuya/ros2_ws/build/mypkg/install.log --single-version-externally-managed
