[0.485s] DEBUG:colcon:Command line arguments: ['/usr/bin/colcon', 'build']
[0.485s] DEBUG:colcon:Parsed command line arguments: Namespace(allow_overriding=[], ament_cmake_args=None, base_paths=['.'], build_base='build', catkin_cmake_args=None, catkin_skip_building_tests=False, cmake_args=None, cmake_clean_cache=False, cmake_clean_first=False, cmake_force_configure=False, cmake_target=None, cmake_target_skip_unavailable=False, continue_on_error=False, event_handlers=None, executor='parallel', ignore_user_meta=False, install_base='install', log_base=None, log_level=None, main=<bound method BuildVerb.main of <colcon_core.verb.build.BuildVerb object at 0x7f88f2650ac0>>, merge_install=False, metas=['./colcon.meta'], packages_above=None, packages_above_and_dependencies=None, packages_above_depth=None, packages_end=None, packages_ignore=None, packages_ignore_regex=None, packages_select=None, packages_select_build_failed=False, packages_select_by_dep=None, packages_select_regex=None, packages_select_test_failures=False, packages_skip=None, packages_skip_build_finished=False, packages_skip_by_dep=None, packages_skip_regex=None, packages_skip_test_passed=False, packages_skip_up_to=None, packages_start=None, packages_up_to=None, packages_up_to_regex=None, parallel_workers=8, paths=None, symlink_install=False, test_result_base=None, verb_extension=<colcon_core.verb.build.BuildVerb object at 0x7f88f2650ac0>, verb_name='build', verb_parser=<colcon_defaults.argument_parser.defaults.DefaultArgumentsDecorator object at 0x7f88f265c070>)
[0.527s] Level 1:colcon.colcon_core.package_discovery:discover_packages(colcon_meta) check parameters
[0.527s] Level 1:colcon.colcon_core.package_discovery:discover_packages(recursive) check parameters
[0.527s] Level 1:colcon.colcon_core.package_discovery:discover_packages(ignore) check parameters
[0.527s] Level 1:colcon.colcon_core.package_discovery:discover_packages(path) check parameters
[0.527s] Level 1:colcon.colcon_core.package_discovery:discover_packages(colcon_meta) discover
[0.527s] Level 1:colcon.colcon_core.package_discovery:discover_packages(recursive) discover
[0.528s] INFO:colcon.colcon_core.package_discovery:Crawling recursively for packages in '/home/takuya/ros2_ws'
[0.528s] Level 1:colcon.colcon_core.package_identification:_identify(.) by extensions ['ignore', 'ignore_ament_install']
[0.528s] Level 1:colcon.colcon_core.package_identification:_identify(.) by extension 'ignore'
[0.528s] Level 1:colcon.colcon_core.package_identification:_identify(.) by extension 'ignore_ament_install'
[0.528s] Level 1:colcon.colcon_core.package_identification:_identify(.) by extensions ['colcon_pkg']
[0.528s] Level 1:colcon.colcon_core.package_identification:_identify(.) by extension 'colcon_pkg'
[0.528s] Level 1:colcon.colcon_core.package_identification:_identify(.) by extensions ['colcon_meta']
[0.528s] Level 1:colcon.colcon_core.package_identification:_identify(.) by extension 'colcon_meta'
[0.528s] Level 1:colcon.colcon_core.package_identification:_identify(.) by extensions ['ros']
[0.528s] Level 1:colcon.colcon_core.package_identification:_identify(.) by extension 'ros'
[0.547s] Level 1:colcon.colcon_core.package_identification:_identify(.) by extensions ['cmake', 'python']
[0.548s] Level 1:colcon.colcon_core.package_identification:_identify(.) by extension 'cmake'
[0.548s] Level 1:colcon.colcon_core.package_identification:_identify(.) by extension 'python'
[0.548s] Level 1:colcon.colcon_core.package_identification:_identify(.) by extensions ['python_setup_py']
[0.548s] Level 1:colcon.colcon_core.package_identification:_identify(.) by extension 'python_setup_py'
[0.548s] Level 1:colcon.colcon_core.package_identification:_identify(build) by extensions ['ignore', 'ignore_ament_install']
[0.548s] Level 1:colcon.colcon_core.package_identification:_identify(build) by extension 'ignore'
[0.548s] Level 1:colcon.colcon_core.package_identification:_identify(build) ignored
[0.548s] Level 1:colcon.colcon_core.package_identification:_identify(install) by extensions ['ignore', 'ignore_ament_install']
[0.548s] Level 1:colcon.colcon_core.package_identification:_identify(install) by extension 'ignore'
[0.549s] Level 1:colcon.colcon_core.package_identification:_identify(install) ignored
[0.549s] Level 1:colcon.colcon_core.package_identification:_identify(log) by extensions ['ignore', 'ignore_ament_install']
[0.549s] Level 1:colcon.colcon_core.package_identification:_identify(log) by extension 'ignore'
[0.549s] Level 1:colcon.colcon_core.package_identification:_identify(log) ignored
[0.549s] Level 1:colcon.colcon_core.package_identification:_identify(src) by extensions ['ignore', 'ignore_ament_install']
[0.549s] Level 1:colcon.colcon_core.package_identification:_identify(src) by extension 'ignore'
[0.549s] Level 1:colcon.colcon_core.package_identification:_identify(src) by extension 'ignore_ament_install'
[0.549s] Level 1:colcon.colcon_core.package_identification:_identify(src) by extensions ['colcon_pkg']
[0.549s] Level 1:colcon.colcon_core.package_identification:_identify(src) by extension 'colcon_pkg'
[0.549s] Level 1:colcon.colcon_core.package_identification:_identify(src) by extensions ['colcon_meta']
[0.549s] Level 1:colcon.colcon_core.package_identification:_identify(src) by extension 'colcon_meta'
[0.549s] Level 1:colcon.colcon_core.package_identification:_identify(src) by extensions ['ros']
[0.549s] Level 1:colcon.colcon_core.package_identification:_identify(src) by extension 'ros'
[0.550s] Level 1:colcon.colcon_core.package_identification:_identify(src) by extensions ['cmake', 'python']
[0.550s] Level 1:colcon.colcon_core.package_identification:_identify(src) by extension 'cmake'
[0.550s] Level 1:colcon.colcon_core.package_identification:_identify(src) by extension 'python'
[0.550s] Level 1:colcon.colcon_core.package_identification:_identify(src) by extensions ['python_setup_py']
[0.550s] Level 1:colcon.colcon_core.package_identification:_identify(src) by extension 'python_setup_py'
[0.550s] Level 1:colcon.colcon_core.package_identification:_identify(src/mypkg) by extensions ['ignore', 'ignore_ament_install']
[0.550s] Level 1:colcon.colcon_core.package_identification:_identify(src/mypkg) by extension 'ignore'
[0.550s] Level 1:colcon.colcon_core.package_identification:_identify(src/mypkg) by extension 'ignore_ament_install'
[0.550s] Level 1:colcon.colcon_core.package_identification:_identify(src/mypkg) by extensions ['colcon_pkg']
[0.550s] Level 1:colcon.colcon_core.package_identification:_identify(src/mypkg) by extension 'colcon_pkg'
[0.550s] Level 1:colcon.colcon_core.package_identification:_identify(src/mypkg) by extensions ['colcon_meta']
[0.550s] Level 1:colcon.colcon_core.package_identification:_identify(src/mypkg) by extension 'colcon_meta'
[0.550s] Level 1:colcon.colcon_core.package_identification:_identify(src/mypkg) by extensions ['ros']
[0.550s] Level 1:colcon.colcon_core.package_identification:_identify(src/mypkg) by extension 'ros'
[0.552s] DEBUG:colcon.colcon_core.package_identification:Failed to parse potential ROS package manifest in'src/mypkg': Error(s) in package 'src/mypkg/package.xml':
The manifest contains invalid XML:
mismatched tag: line 9, column 21
[0.552s] Level 1:colcon.colcon_core.package_identification:_identify(src/mypkg) by extensions ['cmake', 'python']
[0.552s] Level 1:colcon.colcon_core.package_identification:_identify(src/mypkg) by extension 'cmake'
[0.552s] Level 1:colcon.colcon_core.package_identification:_identify(src/mypkg) by extension 'python'
[0.552s] DEBUG:colcon.colcon_core.package_identification:Python package in 'src/mypkg' passes arguments to the setup() function which requires a different identification extension than 'python'
[0.553s] Level 1:colcon.colcon_core.package_identification:_identify(src/mypkg) by extensions ['python_setup_py']
[0.553s] Level 1:colcon.colcon_core.package_identification:_identify(src/mypkg) by extension 'python_setup_py'
[0.891s] DEBUG:colcon.colcon_core.package_identification:Package 'src/mypkg' with type 'python' and name 'mypkg'
[0.891s] Level 1:colcon.colcon_core.package_discovery:discover_packages(recursive) using defaults
[0.891s] Level 1:colcon.colcon_core.package_discovery:discover_packages(ignore) discover
[0.892s] Level 1:colcon.colcon_core.package_discovery:discover_packages(ignore) using defaults
[0.892s] Level 1:colcon.colcon_core.package_discovery:discover_packages(path) discover
[0.892s] Level 1:colcon.colcon_core.package_discovery:discover_packages(path) using defaults
[0.963s] Level 1:colcon.colcon_core.package_discovery:discover_packages(prefix_path) check parameters
[0.963s] Level 1:colcon.colcon_core.package_discovery:discover_packages(prefix_path) discover
[0.969s] DEBUG:colcon.colcon_installed_package_information.package_discovery:Found 1 installed packages in /home/takuya/ros2_ws/install
[0.973s] DEBUG:colcon.colcon_installed_package_information.package_discovery:Found 256 installed packages in /opt/ros/foxy
[0.976s] Level 1:colcon.colcon_core.package_discovery:discover_packages(prefix_path) using defaults
[1.057s] Level 5:colcon.colcon_core.verb:set package 'mypkg' build argument 'cmake_args' from command line to 'None'
[1.057s] Level 5:colcon.colcon_core.verb:set package 'mypkg' build argument 'cmake_target' from command line to 'None'
[1.057s] Level 5:colcon.colcon_core.verb:set package 'mypkg' build argument 'cmake_target_skip_unavailable' from command line to 'False'
[1.057s] Level 5:colcon.colcon_core.verb:set package 'mypkg' build argument 'cmake_clean_cache' from command line to 'False'
[1.057s] Level 5:colcon.colcon_core.verb:set package 'mypkg' build argument 'cmake_clean_first' from command line to 'False'
[1.057s] Level 5:colcon.colcon_core.verb:set package 'mypkg' build argument 'cmake_force_configure' from command line to 'False'
[1.057s] Level 5:colcon.colcon_core.verb:set package 'mypkg' build argument 'ament_cmake_args' from command line to 'None'
[1.057s] Level 5:colcon.colcon_core.verb:set package 'mypkg' build argument 'catkin_cmake_args' from command line to 'None'
[1.057s] Level 5:colcon.colcon_core.verb:set package 'mypkg' build argument 'catkin_skip_building_tests' from command line to 'False'
[1.057s] DEBUG:colcon.colcon_core.verb:Building package 'mypkg' with the following arguments: {'ament_cmake_args': None, 'build_base': '/home/takuya/ros2_ws/build/mypkg', 'catkin_cmake_args': None, 'catkin_skip_building_tests': False, 'cmake_args': None, 'cmake_clean_cache': False, 'cmake_clean_first': False, 'cmake_force_configure': False, 'cmake_target': None, 'cmake_target_skip_unavailable': False, 'install_base': '/home/takuya/ros2_ws/install/mypkg', 'merge_install': False, 'path': '/home/takuya/ros2_ws/src/mypkg', 'symlink_install': False, 'test_result_base': None}
[1.058s] INFO:colcon.colcon_core.executor:Executing jobs using 'parallel' executor
[1.062s] DEBUG:colcon.colcon_parallel_executor.executor.parallel:run_until_complete
[1.063s] INFO:colcon.colcon_core.task.python.build:Building Python package in '/home/takuya/ros2_ws/src/mypkg'
[1.071s] INFO:colcon.colcon_core.plugin_system:Skipping extension 'colcon_core.shell.bat': Not used on non-Windows systems
[1.071s] INFO:colcon.colcon_core.shell:Skip shell extension 'powershell' for command environment: Not usable outside of PowerShell
[1.071s] DEBUG:colcon.colcon_core.shell:Skip shell extension 'dsv' for command environment
[1.792s] DEBUG:colcon.colcon_core.event_handler.log_command:Invoking command in '/home/takuya/ros2_ws/src/mypkg': PS1=\[\033[01;32m\]\u@\h\[\033[01;34m\] \w\[\033[01;31m\]$(__git_ps1 "[%s]")\[\033[00m\]\$\[\033[00m\] PYTHONPATH=/home/takuya/ros2_ws/install/mypkg/lib/python3.8/site-packages:${PYTHONPATH} /usr/bin/python3 setup.py egg_info --egg-base ../../build/mypkg build --build-base /home/takuya/ros2_ws/build/mypkg/build install --prefix /home/takuya/ros2_ws/install/mypkg --record /home/takuya/ros2_ws/build/mypkg/install.log --single-version-externally-managed
[2.240s] DEBUG:colcon.colcon_core.event_handler.log_command:Invoked command in '/home/takuya/ros2_ws/src/mypkg' returned '0': PS1=\[\033[01;32m\]\u@\h\[\033[01;34m\] \w\[\033[01;31m\]$(__git_ps1 "[%s]")\[\033[00m\]\$\[\033[00m\] PYTHONPATH=/home/takuya/ros2_ws/install/mypkg/lib/python3.8/site-packages:${PYTHONPATH} /usr/bin/python3 setup.py egg_info --egg-base ../../build/mypkg build --build-base /home/takuya/ros2_ws/build/mypkg/build install --prefix /home/takuya/ros2_ws/install/mypkg --record /home/takuya/ros2_ws/build/mypkg/install.log --single-version-externally-managed
[2.249s] Level 1:colcon.colcon_core.environment:checking '/home/takuya/ros2_ws/install/mypkg' for CMake module files
[2.250s] Level 1:colcon.colcon_core.environment:checking '/home/takuya/ros2_ws/install/mypkg' for CMake config files
[2.252s] Level 1:colcon.colcon_core.environment:checking '/home/takuya/ros2_ws/install/mypkg/lib'
[2.252s] Level 1:colcon.colcon_core.environment:checking '/home/takuya/ros2_ws/install/mypkg/bin'
[2.253s] Level 1:colcon.colcon_core.environment:checking '/home/takuya/ros2_ws/install/mypkg/lib/pkgconfig/mypkg.pc'
[2.253s] Level 1:colcon.colcon_core.environment:checking '/home/takuya/ros2_ws/install/mypkg/lib/python3.8/site-packages'
[2.253s] Level 1:colcon.colcon_core.shell:create_environment_hook('mypkg', 'pythonpath')
[2.256s] INFO:colcon.colcon_core.shell:Creating environment hook '/home/takuya/ros2_ws/install/mypkg/share/mypkg/hook/pythonpath.ps1'
[2.258s] INFO:colcon.colcon_core.shell:Creating environment descriptor '/home/takuya/ros2_ws/install/mypkg/share/mypkg/hook/pythonpath.dsv'
[2.259s] INFO:colcon.colcon_core.shell:Creating environment hook '/home/takuya/ros2_ws/install/mypkg/share/mypkg/hook/pythonpath.sh'
[2.261s] Level 1:colcon.colcon_core.environment:checking '/home/takuya/ros2_ws/install/mypkg/bin'
[2.262s] Level 1:colcon.colcon_core.environment:create_environment_scripts_only(mypkg)
[2.266s] INFO:colcon.colcon_core.shell:Creating package script '/home/takuya/ros2_ws/install/mypkg/share/mypkg/package.ps1'
[2.269s] INFO:colcon.colcon_core.shell:Creating package descriptor '/home/takuya/ros2_ws/install/mypkg/share/mypkg/package.dsv'
[2.271s] INFO:colcon.colcon_core.shell:Creating package script '/home/takuya/ros2_ws/install/mypkg/share/mypkg/package.sh'
[2.273s] INFO:colcon.colcon_core.shell:Creating package script '/home/takuya/ros2_ws/install/mypkg/share/mypkg/package.bash'
[2.274s] INFO:colcon.colcon_core.shell:Creating package script '/home/takuya/ros2_ws/install/mypkg/share/mypkg/package.zsh'
[2.276s] Level 1:colcon.colcon_core.environment:create_file_with_runtime_dependencies(/home/takuya/ros2_ws/install/mypkg/share/colcon-core/packages/mypkg)
[2.277s] DEBUG:colcon.colcon_parallel_executor.executor.parallel:closing loop
[2.278s] DEBUG:colcon.colcon_parallel_executor.executor.parallel:loop closed
[2.278s] DEBUG:colcon.colcon_parallel_executor.executor.parallel:run_until_complete finished with '0'
[2.278s] DEBUG:colcon.colcon_core.event_reactor:joining thread
[2.371s] INFO:colcon.colcon_core.plugin_system:Skipping extension 'colcon_notification.desktop_notification.notify_send': Could not find 'notify-send'
[2.372s] INFO:colcon.colcon_core.plugin_system:Skipping extension 'colcon_notification.desktop_notification.terminal_notifier': Not used on non-Darwin systems
[2.372s] INFO:colcon.colcon_core.plugin_system:Skipping extension 'colcon_notification.desktop_notification.win32': Not used on non-Windows systems
[2.372s] INFO:colcon.colcon_notification.desktop_notification:Sending desktop notification using 'notify2'
[2.373s] DEBUG:colcon.colcon_notification.desktop_notification.notify2:Failed to initialize notify2: org.freedesktop.DBus.Error.NotSupported: Unable to autolaunch a dbus-daemon without a $DISPLAY for X11
[2.373s] DEBUG:colcon.colcon_core.event_reactor:joined thread
[2.377s] INFO:colcon.colcon_core.shell:Creating prefix script '/home/takuya/ros2_ws/install/local_setup.ps1'
[2.379s] INFO:colcon.colcon_core.shell:Creating prefix util module '/home/takuya/ros2_ws/install/_local_setup_util_ps1.py'
[2.382s] INFO:colcon.colcon_core.shell:Creating prefix chain script '/home/takuya/ros2_ws/install/setup.ps1'
[2.386s] INFO:colcon.colcon_core.shell:Creating prefix script '/home/takuya/ros2_ws/install/local_setup.sh'
[2.388s] INFO:colcon.colcon_core.shell:Creating prefix util module '/home/takuya/ros2_ws/install/_local_setup_util_sh.py'
[2.389s] INFO:colcon.colcon_core.shell:Creating prefix chain script '/home/takuya/ros2_ws/install/setup.sh'
[2.393s] INFO:colcon.colcon_core.shell:Creating prefix script '/home/takuya/ros2_ws/install/local_setup.bash'
[2.394s] INFO:colcon.colcon_core.shell:Creating prefix chain script '/home/takuya/ros2_ws/install/setup.bash'
[2.398s] INFO:colcon.colcon_core.shell:Creating prefix script '/home/takuya/ros2_ws/install/local_setup.zsh'
[2.399s] INFO:colcon.colcon_core.shell:Creating prefix chain script '/home/takuya/ros2_ws/install/setup.zsh'
