[0.679s] Invoking command in '/home/takuya/ros2_ws/src/mypkg': PYTHONPATH=/home/takuya/ros2_ws/install/mypkg/lib/python3.8/site-packages:${PYTHONPATH} /usr/bin/python3 setup.py egg_info --egg-base ../../build/mypkg build --build-base /home/takuya/ros2_ws/build/mypkg/build install --prefix /home/takuya/ros2_ws/install/mypkg --record /home/takuya/ros2_ws/build/mypkg/install.log --single-version-externally-managed
[0.877s] running egg_info
[0.878s] writing ../../build/mypkg/mypkg.egg-info/PKG-INFO
[0.878s] writing dependency_links to ../../build/mypkg/mypkg.egg-info/dependency_links.txt
[0.878s] writing entry points to ../../build/mypkg/mypkg.egg-info/entry_points.txt
[0.879s] writing requirements to ../../build/mypkg/mypkg.egg-info/requires.txt
[0.879s] writing top-level names to ../../build/mypkg/mypkg.egg-info/top_level.txt
[0.909s] reading manifest file '../../build/mypkg/mypkg.egg-info/SOURCES.txt'
[0.911s] writing manifest file '../../build/mypkg/mypkg.egg-info/SOURCES.txt'
[0.911s] running build
[0.911s] running build_py
[0.911s] running install
[0.912s] running install_lib
[0.913s] running install_data
[0.913s] copying package.xml -> /home/takuya/ros2_ws/install/mypkg/share/mypkg
[0.914s] running install_egg_info
[0.915s] removing '/home/takuya/ros2_ws/install/mypkg/lib/python3.8/site-packages/mypkg-0.0.0-py3.8.egg-info' (and everything under it)
[0.916s] Copying ../../build/mypkg/mypkg.egg-info to /home/takuya/ros2_ws/install/mypkg/lib/python3.8/site-packages/mypkg-0.0.0-py3.8.egg-info
[0.916s] running install_scripts
[0.938s] Installing talker script to /home/takuya/ros2_ws/install/mypkg/lib/mypkg
[0.938s] writing list of installed files to '/home/takuya/ros2_ws/build/mypkg/install.log'
[0.960s] Invoked command in '/home/takuya/ros2_ws/src/mypkg' returned '0': PYTHONPATH=/home/takuya/ros2_ws/install/mypkg/lib/python3.8/site-packages:${PYTHONPATH} /usr/bin/python3 setup.py egg_info --egg-base ../../build/mypkg build --build-base /home/takuya/ros2_ws/build/mypkg/build install --prefix /home/takuya/ros2_ws/install/mypkg --record /home/takuya/ros2_ws/build/mypkg/install.log --single-version-externally-managed
