[0.662s] Invoking command in '/home/takuya/ros2_ws/src/mypkg': PYTHONPATH=/home/takuya/ros2_ws/install/mypkg/lib/python3.8/site-packages:${PYTHONPATH} /usr/bin/python3 setup.py egg_info --egg-base ../../build/mypkg build --build-base /home/takuya/ros2_ws/build/mypkg/build install --prefix /home/takuya/ros2_ws/install/mypkg --record /home/takuya/ros2_ws/build/mypkg/install.log --single-version-externally-managed
[0.849s] running egg_info
[0.850s] writing ../../build/mypkg/mypkg.egg-info/PKG-INFO
[0.851s] writing dependency_links to ../../build/mypkg/mypkg.egg-info/dependency_links.txt
[0.851s] writing entry points to ../../build/mypkg/mypkg.egg-info/entry_points.txt
[0.851s] writing requirements to ../../build/mypkg/mypkg.egg-info/requires.txt
[0.851s] writing top-level names to ../../build/mypkg/mypkg.egg-info/top_level.txt
[0.910s] reading manifest file '../../build/mypkg/mypkg.egg-info/SOURCES.txt'
[0.910s] writing manifest file '../../build/mypkg/mypkg.egg-info/SOURCES.txt'
[0.911s] running build
[0.911s] running build_py
[0.911s] running install
[0.912s] running install_lib
[0.913s] byte-compiling /home/takuya/ros2_ws/install/mypkg/lib/python3.8/site-packages/mypkg/listner.py to listner.cpython-38.pyc
[0.914s]   File "/home/takuya/ros2_ws/install/mypkg/lib/python3.8/site-packages/mypkg/listner.py", line 7
[0.914s]     node.get_logger().info("Listen: %d % msg.data)
[0.914s]                                                  ^
[0.914s] SyntaxError: EOL while scanning string literal
[0.915s] 
[0.915s] running install_data
[0.915s] running install_egg_info
[0.916s] removing '/home/takuya/ros2_ws/install/mypkg/lib/python3.8/site-packages/mypkg-0.0.0-py3.8.egg-info' (and everything under it)
[0.916s] Copying ../../build/mypkg/mypkg.egg-info to /home/takuya/ros2_ws/install/mypkg/lib/python3.8/site-packages/mypkg-0.0.0-py3.8.egg-info
[0.917s] running install_scripts
[0.932s] Installing talker script to /home/takuya/ros2_ws/install/mypkg/lib/mypkg
[0.932s] writing list of installed files to '/home/takuya/ros2_ws/build/mypkg/install.log'
[0.953s] Invoked command in '/home/takuya/ros2_ws/src/mypkg' returned '0': PYTHONPATH=/home/takuya/ros2_ws/install/mypkg/lib/python3.8/site-packages:${PYTHONPATH} /usr/bin/python3 setup.py egg_info --egg-base ../../build/mypkg build --build-base /home/takuya/ros2_ws/build/mypkg/build install --prefix /home/takuya/ros2_ws/install/mypkg --record /home/takuya/ros2_ws/build/mypkg/install.log --single-version-externally-managed
