[0.992s] Invoking command in '/home/takuya/ros2_ws/src/mypkg': PYTHONPATH=/home/takuya/ros2_ws/install/mypkg/lib/python3.8/site-packages:${PYTHONPATH} /usr/bin/python3 setup.py egg_info --egg-base ../../build/mypkg build --build-base /home/takuya/ros2_ws/build/mypkg/build install --prefix /home/takuya/ros2_ws/install/mypkg --record /home/takuya/ros2_ws/build/mypkg/install.log --single-version-externally-managed
[1.196s] running egg_info
[1.197s] writing ../../build/mypkg/mypkg.egg-info/PKG-INFO
[1.198s] writing dependency_links to ../../build/mypkg/mypkg.egg-info/dependency_links.txt
[1.198s] writing entry points to ../../build/mypkg/mypkg.egg-info/entry_points.txt
[1.199s] writing requirements to ../../build/mypkg/mypkg.egg-info/requires.txt
[1.199s] writing top-level names to ../../build/mypkg/mypkg.egg-info/top_level.txt
[1.265s] reading manifest file '../../build/mypkg/mypkg.egg-info/SOURCES.txt'
[1.268s] writing manifest file '../../build/mypkg/mypkg.egg-info/SOURCES.txt'
[1.269s] running build
[1.269s] running build_py
[1.271s] running install
[1.272s] running install_lib
[1.275s] running install_data
[1.277s] running install_egg_info
[1.279s] removing '/home/takuya/ros2_ws/install/mypkg/lib/python3.8/site-packages/mypkg-0.0.0-py3.8.egg-info' (and everything under it)
[1.280s] Copying ../../build/mypkg/mypkg.egg-info to /home/takuya/ros2_ws/install/mypkg/lib/python3.8/site-packages/mypkg-0.0.0-py3.8.egg-info
[1.282s] running install_scripts
[1.314s] Installing talker script to /home/takuya/ros2_ws/install/mypkg/lib/mypkg
[1.315s] writing list of installed files to '/home/takuya/ros2_ws/build/mypkg/install.log'
[1.344s] Invoked command in '/home/takuya/ros2_ws/src/mypkg' returned '0': PYTHONPATH=/home/takuya/ros2_ws/install/mypkg/lib/python3.8/site-packages:${PYTHONPATH} /usr/bin/python3 setup.py egg_info --egg-base ../../build/mypkg build --build-base /home/takuya/ros2_ws/build/mypkg/build install --prefix /home/takuya/ros2_ws/install/mypkg --record /home/takuya/ros2_ws/build/mypkg/install.log --single-version-externally-managed
